#
# A fatal error has been detected by the Java Runtime Environment:
#
#  EXCEPTION_ACCESS_VIOLATION (0xc0000005) at pc=0x000000006ca6c4e9, pid=24116, tid=0x0000000000004bac
#
# JRE version: Java(TM) SE Runtime Environment (8.0_171-b11) (build 1.8.0_171-b11)
# Java VM: Java HotSpot(TM) 64-Bit Server VM (25.171-b11 mixed mode windows-amd64 compressed oops)
# Problematic frame:
# V  [jvm.dll+0x48c4e9]
#
# Failed to write core dump. Minidumps are not enabled by default on client versions of Windows
#
# If you would like to submit a bug report, please visit:
#   http://bugreport.java.com/bugreport/crash.jsp
#

---------------  T H R E A D  ---------------

Current thread (0x0000000016343000):  JavaThread "C2 CompilerThread0" daemon [_thread_in_native, id=19372, stack(0x0000000017980000,0x0000000017a80000)]

siginfo: ExceptionCode=0xc0000005, reading address 0x00000000000000b0

Registers:
RAX=0x0000000000000000, RBX=0x0000000000000001, RCX=0x000000001acc5f00, RDX=0x0000000000000000
RSP=0x0000000017a7c020, RBP=0x0000000017a7c078, RSI=0x0000000000000000, RDI=0xffffffffffffffff
R8 =0x0000000000000000, R9 =0x0000000000000000, R10=0xdfdff7fdff7fffdf, R11=0x00000000259b5050
R12=0x000000001acc5f00, R13=0x0000000017a7c230, R14=0x0000000017a7c118, R15=0x0000000000000000
RIP=0x000000006ca6c4e9, EFLAGS=0x0000000000010202

Top of Stack: (sp=0x0000000017a7c020)
0x0000000017a7c020:   0000000000000001 0000000000000000
0x0000000017a7c030:   0000000000000001 0000000017a7c078
0x0000000017a7c040:   00000f6600000082 0000000000000000
0x0000000017a7c050:   0000000000000007 000000001635a750
0x0000000017a7c060:   0000000016305fa0 000000001b987420
0x0000000017a7c070:   000000001b988f28 000000001b980f40
0x0000000017a7c080:   0000000017a7c119 000000006ca6d38c
0x0000000017a7c090:   0000000017a7c230 000000000000007e
0x0000000017a7c0a0:   0000000016305fa0 0000000000000000
0x0000000017a7c0b0:   000000001b983350 000000001c4279b8
0x0000000017a7c0c0:   0000000000000000 0000000000000000
0x0000000017a7c0d0:   0000000000000000 0000000000000000
0x0000000017a7c0e0:   0000000000000000 0000000000000000
0x0000000017a7c0f0:   0000000000000000 000000006ca6e087
0x0000000017a7c100:   0000000017a7c150 00000000193d0c10
0x0000000017a7c110:   0000000000000048 000000006cc5ac08 

Instructions: (pc=0x000000006ca6c4e9)
0x000000006ca6c4c9:   cb 41 d3 e1 8b 0c 82 8b c1 41 0b c9 41 23 c1 42
0x000000006ca6c4d9:   89 0c 82 0f 85 7d 01 00 00 49 8b 04 24 49 8b cc
0x000000006ca6c4e9:   ff 90 b0 00 00 00 84 c0 74 6f 41 8b 44 24 28 41
0x000000006ca6c4f9:   3b 45 58 73 0c 8b c8 49 8b 45 68 4c 39 3c c8 75 


Register to memory mapping:

RAX=0x0000000000000000 is an unknown value
RBX=0x0000000000000001 is an unknown value
RCX=0x000000001acc5f00 is pointing into metadata
RDX=0x0000000000000000 is an unknown value
RSP=0x0000000017a7c020 is pointing into the stack for thread: 0x0000000016343000
RBP=0x0000000017a7c078 is pointing into the stack for thread: 0x0000000016343000
RSI=0x0000000000000000 is an unknown value
RDI=0xffffffffffffffff is an unknown value
R8 =0x0000000000000000 is an unknown value
R9 =0x0000000000000000 is an unknown value
R10=0xdfdff7fdff7fffdf is an unknown value
R11=0x00000000259b5050 is an unknown value
R12=0x000000001acc5f00 is pointing into metadata
R13=0x0000000017a7c230 is pointing into the stack for thread: 0x0000000016343000
R14=0x0000000017a7c118 is pointing into the stack for thread: 0x0000000016343000
R15=0x0000000000000000 is an unknown value


Stack: [0x0000000017980000,0x0000000017a80000],  sp=0x0000000017a7c020,  free space=1008k
Native frames: (J=compiled Java code, j=interpreted, Vv=VM code, C=native code)
V  [jvm.dll+0x48c4e9]
V  [jvm.dll+0x48d38c]
V  [jvm.dll+0x48e30a]
V  [jvm.dll+0x47577c]
V  [jvm.dll+0x478167]
V  [jvm.dll+0x45a902]
V  [jvm.dll+0xa6102]
V  [jvm.dll+0xa6a4f]
V  [jvm.dll+0x245adf]
V  [jvm.dll+0x29d40a]
C  [msvcr100.dll+0x21d9f]
C  [msvcr100.dll+0x21e3b]
C  [KERNEL32.DLL+0x13034]
C  [ntdll.dll+0x71461]


Current CompileTask:
C2:  78290 11667       4       com.sun.tools.javac.code.Types$13::visitClassType (10 bytes)


---------------  P R O C E S S  ---------------

Java Threads: ( => current thread )
  0x000000001b08c800 JavaThread "stdout" daemon [_thread_in_native, id=25288, stack(0x00000000240b0000,0x00000000241b0000)]
  0x000000001b08d800 JavaThread "stderr" daemon [_thread_in_native, id=21852, stack(0x0000000023fb0000,0x00000000240b0000)]
  0x000000001b08c000 JavaThread "stdout" daemon [_thread_in_native, id=1780, stack(0x0000000023eb0000,0x0000000023fb0000)]
  0x000000001b08b000 JavaThread "stdout" daemon [_thread_in_native, id=23424, stack(0x0000000023db0000,0x0000000023eb0000)]
  0x000000001b083800 JavaThread "stderr" daemon [_thread_in_native, id=6924, stack(0x0000000023cb0000,0x0000000023db0000)]
  0x000000001b08a800 JavaThread "stderr" daemon [_thread_in_native, id=6992, stack(0x0000000023bb0000,0x0000000023cb0000)]
  0x000000001b089800 JavaThread "pool-3-thread-1" [_thread_blocked, id=1068, stack(0x0000000023ab0000,0x0000000023bb0000)]
  0x000000001b083000 JavaThread "Task worker for ':' Thread 3" [_thread_blocked, id=22848, stack(0x00000000231b0000,0x00000000232b0000)]
  0x000000001b087800 JavaThread "Task worker for ':' Thread 2" [_thread_blocked, id=1708, stack(0x00000000230b0000,0x00000000231b0000)]
  0x000000001b082000 JavaThread "Task worker for ':'" [_thread_blocked, id=11480, stack(0x0000000022fb0000,0x00000000230b0000)]
  0x000000001b084800 JavaThread "Cache worker for Build Output Cleanup Cache (C:\Users\breezil\Desktop\BakingApp-maste\BakingApp-master\.gradle\buildOutputCleanup)" [_thread_blocked, id=23740, stack(0x0000000022eb0000,0x0000000022fb0000)]
  0x000000001b081800 JavaThread "Cache worker for task history cache (C:\Users\breezil\Desktop\BakingApp-maste\BakingApp-master\.gradle\4.6\taskHistory)" [_thread_blocked, id=2908, stack(0x0000000022db0000,0x0000000022eb0000)]
  0x000000001b080000 JavaThread "Cache worker for file content cache (C:\Users\breezil\Desktop\BakingApp-maste\BakingApp-master\.gradle\4.6\fileContent)" [_thread_blocked, id=22376, stack(0x0000000022cb0000,0x0000000022db0000)]
  0x000000001b086000 JavaThread "Memory manager" [_thread_blocked, id=7424, stack(0x00000000218e0000,0x00000000219e0000)]
  0x000000001941d000 JavaThread "pool-1-thread-1" [_thread_blocked, id=6684, stack(0x00000000203a0000,0x00000000204a0000)]
  0x000000001941b800 JavaThread "Build operations Thread 4" [_thread_blocked, id=24028, stack(0x00000000202a0000,0x00000000203a0000)]
  0x000000001941c800 JavaThread "Build operations Thread 3" [_thread_blocked, id=19008, stack(0x00000000201a0000,0x00000000202a0000)]
  0x0000000019422000 JavaThread "Build operations Thread 2" [_thread_blocked, id=24396, stack(0x00000000200a0000,0x00000000201a0000)]
  0x0000000019421000 JavaThread "Build operations" [_thread_blocked, id=22240, stack(0x000000001ffa0000,0x00000000200a0000)]
  0x000000001941f800 JavaThread "Cache worker for Artifact transforms cache (C:\Users\breezil\.gradle\caches\transforms-1)" [_thread_blocked, id=21724, stack(0x000000001d370000,0x000000001d470000)]
  0x0000000019422800 JavaThread "Cache worker for file hash cache (C:\Users\breezil\Desktop\BakingApp-maste\BakingApp-master\.gradle\4.6\fileHashes)" [_thread_blocked, id=19592, stack(0x000000001bfa0000,0x000000001c0a0000)]
  0x000000001941e800 JavaThread "File lock request listener" [_thread_in_native, id=21660, stack(0x000000001bea0000,0x000000001bfa0000)]
  0x0000000019420800 JavaThread "Cache worker for file hash cache (C:\Users\breezil\.gradle\caches\4.6\fileHashes)" [_thread_blocked, id=11916, stack(0x000000001bda0000,0x000000001bea0000)]
  0x0000000018598800 JavaThread "Asynchronous log dispatcher for DefaultDaemonConnection: socket connection from /127.0.0.1:50084 to /127.0.0.1:50085" [_thread_blocked, id=3928, stack(0x000000001a9d0000,0x000000001aad0000)]
  0x00000000185a3800 JavaThread "Daemon worker" [_thread_in_native, id=24508, stack(0x000000001a8d0000,0x000000001a9d0000)]
  0x00000000185a2800 JavaThread "Cancel handler" [_thread_blocked, id=16144, stack(0x000000001a7d0000,0x000000001a8d0000)]
  0x0000000018585000 JavaThread "Handler for socket connection from /127.0.0.1:50084 to /127.0.0.1:50085" [_thread_in_native, id=17080, stack(0x000000001a4d0000,0x000000001a5d0000)]
  0x0000000018634000 JavaThread "Daemon" [_thread_blocked, id=24248, stack(0x000000001a3d0000,0x000000001a4d0000)]
  0x0000000018704000 JavaThread "Daemon periodic checks" [_thread_blocked, id=7024, stack(0x000000001a2d0000,0x000000001a3d0000)]
  0x00000000186fe800 JavaThread "Incoming local TCP Connector on port 50084" [_thread_in_native, id=10248, stack(0x000000001a090000,0x000000001a190000)]
  0x000000001913e800 JavaThread "Daemon health stats" [_thread_blocked, id=17604, stack(0x0000000019a50000,0x0000000019b50000)]
  0x0000000017ca8800 JavaThread "Service Thread" daemon [_thread_blocked, id=24376, stack(0x0000000018080000,0x0000000018180000)]
  0x000000001634d800 JavaThread "C1 CompilerThread2" daemon [_thread_blocked, id=25328, stack(0x0000000017b80000,0x0000000017c80000)]
  0x0000000016347000 JavaThread "C2 CompilerThread1" daemon [_thread_blocked, id=18652, stack(0x0000000017a80000,0x0000000017b80000)]
=>0x0000000016343000 JavaThread "C2 CompilerThread0" daemon [_thread_in_native, id=19372, stack(0x0000000017980000,0x0000000017a80000)]
  0x0000000016341000 JavaThread "Attach Listener" daemon [_thread_blocked, id=9700, stack(0x0000000017880000,0x0000000017980000)]
  0x000000001633d800 JavaThread "Signal Dispatcher" daemon [_thread_blocked, id=3756, stack(0x0000000017780000,0x0000000017880000)]
  0x000000001632a800 JavaThread "Finalizer" daemon [_thread_blocked, id=9372, stack(0x0000000017590000,0x0000000017690000)]
  0x0000000016309000 JavaThread "Reference Handler" daemon [_thread_blocked, id=12716, stack(0x0000000017490000,0x0000000017590000)]
  0x00000000028d2800 JavaThread "main" [_thread_blocked, id=16344, stack(0x0000000002750000,0x0000000002850000)]

Other Threads:
  0x0000000016307000 VMThread [stack: 0x0000000017390000,0x0000000017490000] [id=17508]
  0x000000001639c000 WatcherThread [stack: 0x0000000018180000,0x0000000018280000] [id=11000]

VM state:not at safepoint (normal execution)

VM Mutex/Monitor currently owned by a thread: None

Heap:
 PSYoungGen      total 183808K, used 47266K [0x00000000e0000000, 0x00000000ef100000, 0x0000000100000000)
  eden space 161280K, 15% used [0x00000000e0000000,0x00000000e182a488,0x00000000e9d80000)
  from space 22528K, 99% used [0x00000000e9d80000,0x00000000eb37e5b0,0x00000000eb380000)
  to   space 34304K, 0% used [0x00000000ecf80000,0x00000000ecf80000,0x00000000ef100000)
 ParOldGen       total 158208K, used 75386K [0x00000000a0000000, 0x00000000a9a80000, 0x00000000e0000000)
  object space 158208K, 47% used [0x00000000a0000000,0x00000000a499e9e8,0x00000000a9a80000)
 Metaspace       used 81425K, capacity 83414K, committed 83712K, reserved 1122304K
  class space    used 10949K, capacity 11442K, committed 11520K, reserved 1048576K

Card table byte_map: [0x0000000011d90000,0x00000000120a0000] byte_map_base: 0x0000000011890000

Marking Bits: (ParMarkBitMap*) 0x000000006ce008c0
 Begin Bits: [0x00000000126a0000, 0x0000000013ea0000)
 End Bits:   [0x0000000013ea0000, 0x00000000156a0000)

Polling page: 0x0000000000940000

CodeCache: size=245760Kb used=32908Kb max_used=33086Kb free=212851Kb
 bounds [0x00000000029d0000, 0x0000000004a60000, 0x00000000119d0000]
 total_blobs=10973 nmethods=10136 adapters=748
 compilation: enabled

Compilation events (10 events):
Event: 77.460 Thread 0x000000001634d800 11715       3       org.openjdk.tools.javac.comp.Operators$BinaryOperatorHelper$$Lambda$369/280187321::<init> (32 bytes)
Event: 77.460 Thread 0x000000001634d800 nmethod 11715 0x0000000003e78e50 code [0x0000000003e78fa0, 0x0000000003e791b0]
Event: 77.460 Thread 0x000000001634d800 11716       3       org.openjdk.tools.javac.util.Convert::packagePart (12 bytes)
Event: 77.460 Thread 0x000000001634d800 nmethod 11716 0x0000000003e78590 code [0x0000000003e78740, 0x0000000003e78cb8]
Event: 77.460 Thread 0x000000001634d800 11709       3       org.openjdk.tools.javac.util.Options::get (12 bytes)
Event: 77.461 Thread 0x000000001634d800 nmethod 11709 0x0000000003e77b50 code [0x0000000003e77d00, 0x0000000003e78348]
Event: 77.461 Thread 0x000000001634d800 11714       1       org.openjdk.tools.javac.code.Type$JCPrimitiveType::getTag (5 bytes)
Event: 77.461 Thread 0x000000001634d800 nmethod 11714 0x000000000413f850 code [0x000000000413f9a0, 0x000000000413fab0]
Event: 77.477 Thread 0x000000001634d800 11722       3       java.util.Collection::stream (11 bytes)
Event: 77.478 Thread 0x000000001634d800 nmethod 11722 0x0000000003e77150 code [0x0000000003e77300, 0x0000000003e77878]

GC Heap History (10 events):
Event: 31.138 GC heap before
{Heap before GC invocations=17 (full 2):
 PSYoungGen      total 124928K, used 124916K [0x00000000e0000000, 0x00000000e8800000, 0x0000000100000000)
  eden space 114176K, 100% used [0x00000000e0000000,0x00000000e6f80000,0x00000000e6f80000)
  from space 10752K, 99% used [0x00000000e7b80000,0x00000000e85fd070,0x00000000e8600000)
  to   space 12288K, 0% used [0x00000000e6f80000,0x00000000e6f80000,0x00000000e7b80000)
 ParOldGen       total 90112K, used 25875K [0x00000000a0000000, 0x00000000a5800000, 0x00000000e0000000)
  object space 90112K, 28% used [0x00000000a0000000,0x00000000a1944ea8,0x00000000a5800000)
 Metaspace       used 57377K, capacity 58932K, committed 59008K, reserved 1099776K
  class space    used 7885K, capacity 8275K, committed 8320K, reserved 1048576K
Event: 31.177 GC heap after
Heap after GC invocations=17 (full 2):
 PSYoungGen      total 126464K, used 12282K [0x00000000e0000000, 0x00000000eb400000, 0x0000000100000000)
  eden space 114176K, 0% used [0x00000000e0000000,0x00000000e0000000,0x00000000e6f80000)
  from space 12288K, 99% used [0x00000000e6f80000,0x00000000e7b7eb18,0x00000000e7b80000)
  to   space 18432K, 0% used [0x00000000ea200000,0x00000000ea200000,0x00000000eb400000)
 ParOldGen       total 90112K, used 37889K [0x00000000a0000000, 0x00000000a5800000, 0x00000000e0000000)
  object space 90112K, 42% used [0x00000000a0000000,0x00000000a2500720,0x00000000a5800000)
 Metaspace       used 57377K, capacity 58932K, committed 59008K, reserved 1099776K
  class space    used 7885K, capacity 8275K, committed 8320K, reserved 1048576K
}
Event: 32.503 GC heap before
{Heap before GC invocations=18 (full 2):
 PSYoungGen      total 126464K, used 27368K [0x00000000e0000000, 0x00000000eb400000, 0x0000000100000000)
  eden space 114176K, 13% used [0x00000000e0000000,0x00000000e0ebb670,0x00000000e6f80000)
  from space 12288K, 99% used [0x00000000e6f80000,0x00000000e7b7eb18,0x00000000e7b80000)
  to   space 18432K, 0% used [0x00000000ea200000,0x00000000ea200000,0x00000000eb400000)
 ParOldGen       total 90112K, used 37889K [0x00000000a0000000, 0x00000000a5800000, 0x00000000e0000000)
  object space 90112K, 42% used [0x00000000a0000000,0x00000000a2500720,0x00000000a5800000)
 Metaspace       used 57561K, capacity 59064K, committed 59160K, reserved 1099776K
  class space    used 7893K, capacity 8277K, committed 8320K, reserved 1048576K
Event: 32.520 GC heap after
Heap after GC invocations=18 (full 2):
 PSYoungGen      total 165888K, used 2336K [0x00000000e0000000, 0x00000000eb680000, 0x0000000100000000)
  eden space 147456K, 0% used [0x00000000e0000000,0x00000000e0000000,0x00000000e9000000)
  from space 18432K, 12% used [0x00000000ea200000,0x00000000ea448000,0x00000000eb400000)
  to   space 18432K, 0% used [0x00000000e9000000,0x00000000e9000000,0x00000000ea200000)
 ParOldGen       total 90112K, used 49980K [0x00000000a0000000, 0x00000000a5800000, 0x00000000e0000000)
  object space 90112K, 55% used [0x00000000a0000000,0x00000000a30cf018,0x00000000a5800000)
 Metaspace       used 57561K, capacity 59064K, committed 59160K, reserved 1099776K
  class space    used 7893K, capacity 8277K, committed 8320K, reserved 1048576K
}
Event: 32.520 GC heap before
{Heap before GC invocations=19 (full 3):
 PSYoungGen      total 165888K, used 2336K [0x00000000e0000000, 0x00000000eb680000, 0x0000000100000000)
  eden space 147456K, 0% used [0x00000000e0000000,0x00000000e0000000,0x00000000e9000000)
  from space 18432K, 12% used [0x00000000ea200000,0x00000000ea448000,0x00000000eb400000)
  to   space 18432K, 0% used [0x00000000e9000000,0x00000000e9000000,0x00000000ea200000)
 ParOldGen       total 90112K, used 49980K [0x00000000a0000000, 0x00000000a5800000, 0x00000000e0000000)
  object space 90112K, 55% used [0x00000000a0000000,0x00000000a30cf018,0x00000000a5800000)
 Metaspace       used 57561K, capacity 59064K, committed 59160K, reserved 1099776K
  class space    used 7893K, capacity 8277K, committed 8320K, reserved 1048576K
Event: 33.022 GC heap after
Heap after GC invocations=19 (full 3):
 PSYoungGen      total 165888K, used 0K [0x00000000e0000000, 0x00000000eb680000, 0x0000000100000000)
  eden space 147456K, 0% used [0x00000000e0000000,0x00000000e0000000,0x00000000e9000000)
  from space 18432K, 0% used [0x00000000ea200000,0x00000000ea200000,0x00000000eb400000)
  to   space 18432K, 0% used [0x00000000e9000000,0x00000000e9000000,0x00000000ea200000)
 ParOldGen       total 158208K, used 47193K [0x00000000a0000000, 0x00000000a9a80000, 0x00000000e0000000)
  object space 158208K, 29% used [0x00000000a0000000,0x00000000a2e164c8,0x00000000a9a80000)
 Metaspace       used 57561K, capacity 59064K, committed 59160K, reserved 1099776K
  class space    used 7893K, capacity 8277K, committed 8320K, reserved 1048576K
}
Event: 48.047 GC heap before
{Heap before GC invocations=20 (full 3):
 PSYoungGen      total 165888K, used 147456K [0x00000000e0000000, 0x00000000eb680000, 0x0000000100000000)
  eden space 147456K, 100% used [0x00000000e0000000,0x00000000e9000000,0x00000000e9000000)
  from space 18432K, 0% used [0x00000000ea200000,0x00000000ea200000,0x00000000eb400000)
  to   space 18432K, 0% used [0x00000000e9000000,0x00000000e9000000,0x00000000ea200000)
 ParOldGen       total 158208K, used 47193K [0x00000000a0000000, 0x00000000a9a80000, 0x00000000e0000000)
  object space 158208K, 29% used [0x00000000a0000000,0x00000000a2e164c8,0x00000000a9a80000)
 Metaspace       used 61269K, capacity 62900K, committed 63104K, reserved 1103872K
  class space    used 8362K, capacity 8779K, committed 8832K, reserved 1048576K
Event: 48.064 GC heap after
Heap after GC invocations=20 (full 3):
 PSYoungGen      total 165888K, used 6067K [0x00000000e0000000, 0x00000000ec500000, 0x0000000100000000)
  eden space 147456K, 0% used [0x00000000e0000000,0x00000000e0000000,0x00000000e9000000)
  from space 18432K, 32% used [0x00000000e9000000,0x00000000e95ecd60,0x00000000ea200000)
  to   space 17920K, 0% used [0x00000000eb380000,0x00000000eb380000,0x00000000ec500000)
 ParOldGen       total 158208K, used 47201K [0x00000000a0000000, 0x00000000a9a80000, 0x00000000e0000000)
  object space 158208K, 29% used [0x00000000a0000000,0x00000000a2e184c8,0x00000000a9a80000)
 Metaspace       used 61269K, capacity 62900K, committed 63104K, reserved 1103872K
  class space    used 8362K, capacity 8779K, committed 8832K, reserved 1048576K
}
Event: 56.924 GC heap before
{Heap before GC invocations=21 (full 3):
 PSYoungGen      total 165888K, used 152487K [0x00000000e0000000, 0x00000000ec500000, 0x0000000100000000)
  eden space 147456K, 99% used [0x00000000e0000000,0x00000000e8efd140,0x00000000e9000000)
  from space 18432K, 32% used [0x00000000e9000000,0x00000000e95ecd60,0x00000000ea200000)
  to   space 17920K, 0% used [0x00000000eb380000,0x00000000eb380000,0x00000000ec500000)
 ParOldGen       total 158208K, used 47201K [0x00000000a0000000, 0x00000000a9a80000, 0x00000000e0000000)
  object space 158208K, 29% used [0x00000000a0000000,0x00000000a2e184c8,0x00000000a9a80000)
 Metaspace       used 70031K, capacity 71648K, committed 71936K, reserved 1112064K
  class space    used 9519K, capacity 9917K, committed 9984K, reserved 1048576K
Event: 56.972 GC heap after
Heap after GC invocations=21 (full 3):
 PSYoungGen      total 179200K, used 17903K [0x00000000e0000000, 0x00000000ecd00000, 0x0000000100000000)
  eden space 161280K, 0% used [0x00000000e0000000,0x00000000e0000000,0x00000000e9d80000)
  from space 17920K, 99% used [0x00000000eb380000,0x00000000ec4fbf98,0x00000000ec500000)
  to   space 22528K, 0% used [0x00000000e9d80000,0x00000000e9d80000,0x00000000eb380000)
 ParOldGen       total 158208K, used 52176K [0x00000000a0000000, 0x00000000a9a80000, 0x00000000e0000000)
  object space 158208K, 32% used [0x00000000a0000000,0x00000000a32f4240,0x00000000a9a80000)
 Metaspace       used 70031K, capacity 71648K, committed 71936K, reserved 1112064K
  class space    used 9519K, capacity 9917K, committed 9984K, reserved 1048576K
}

Deoptimization events (10 events):
Event: 77.299 Thread 0x00000000185a3800 Uncommon trap: reason=class_check action=maybe_recompile pc=0x00000000049f7d0c method=com.google.common.collect.RegularImmutableMap.get(Ljava/lang/Object;[Lcom/google/common/collect/ImmutableMapEntry;I)Ljava/lang/Object; @ 11
Event: 77.301 Thread 0x00000000185a3800 Uncommon trap: reason=unstable_if action=reinterpret pc=0x00000000041f5ce4 method=com.sun.tools.javac.jvm.ClassReader.sigToType()Lcom/sun/tools/javac/code/Type; @ 288
Event: 77.302 Thread 0x00000000185a3800 Uncommon trap: reason=class_check action=maybe_recompile pc=0x00000000049f7d0c method=com.google.common.collect.RegularImmutableMap.get(Ljava/lang/Object;[Lcom/google/common/collect/ImmutableMapEntry;I)Ljava/lang/Object; @ 11
Event: 77.303 Thread 0x00000000185a3800 Uncommon trap: reason=class_check action=maybe_recompile pc=0x00000000049f7d0c method=com.google.common.collect.RegularImmutableMap.get(Ljava/lang/Object;[Lcom/google/common/collect/ImmutableMapEntry;I)Ljava/lang/Object; @ 11
Event: 77.456 Thread 0x00000000185a3800 Uncommon trap: reason=bimorphic action=maybe_recompile pc=0x00000000041fd9d8 method=java.util.regex.Matcher.search(I)Z @ 86
Event: 77.458 Thread 0x00000000185a3800 Uncommon trap: reason=speculate_class_check action=maybe_recompile pc=0x00000000049f85e8 method=com.google.common.collect.Range.<init>(Lcom/google/common/collect/Cut;Lcom/google/common/collect/Cut;)V @ 28
Event: 77.458 Thread 0x00000000185a3800 Uncommon trap: reason=class_check action=maybe_recompile pc=0x000000000311bab8 method=com.google.common.collect.AbstractIterator.tryToComputeNext()Z @ 9
Event: 77.458 Thread 0x00000000185a3800 Uncommon trap: reason=class_check action=maybe_recompile pc=0x000000000311bab8 method=com.google.common.collect.AbstractIterator.tryToComputeNext()Z @ 9
Event: 77.458 Thread 0x00000000185a3800 Uncommon trap: reason=class_check action=maybe_recompile pc=0x000000000311bab8 method=com.google.common.collect.AbstractIterator.tryToComputeNext()Z @ 9
Event: 77.458 Thread 0x00000000185a3800 Uncommon trap: reason=class_check action=maybe_recompile pc=0x000000000311bab8 method=com.google.common.collect.AbstractIterator.tryToComputeNext()Z @ 9

Classes redefined (0 events):
No events

Internal exceptions (10 events):
Event: 31.431 Thread 0x00000000185a3800 Implicit null exception at 0x00000000034c2517 to 0x00000000034c2875
Event: 33.614 Thread 0x00000000185a3800 Exception <a 'java/lang/ClassNotFoundException': com/sun/org/glassfish/hk2/osgiresourcelocator/ServiceLoader> (0x00000000e0c325d8) thrown at [C:\re\workspace\8-2-build-windows-amd64-cygwin\jdk8u171\10807\hotspot\src\share\vm\classfile\systemDictionary.cpp
Event: 36.508 Thread 0x00000000185a3800 Implicit null exception at 0x0000000004154a86 to 0x0000000004152a79
Event: 44.219 Thread 0x00000000185a3800 Exception <a 'java/lang/NoSuchMethodError': java.lang.Object.lambda$negate$1(Ljava/lang/Object;)Z> (0x00000000e8cc6758) thrown at [C:\re\workspace\8-2-build-windows-amd64-cygwin\jdk8u171\10807\hotspot\src\share\vm\interpreter\linkResolver.cpp, line 620]
Event: 47.960 Thread 0x00000000185a3800 Exception <a 'java/lang/NoSuchMethodError': java.lang.Object.lambda$comparingInt$7b0bb60$1(Ljava/util/function/ToIntFunction;Ljava/lang/Object;Ljava/lang/Object;)I> (0x00000000e8d36828) thrown at [C:\re\workspace\8-2-build-windows-amd64-cygwin\jdk8u171\10
Event: 49.352 Thread 0x00000000185a3800 Exception <a 'sun/nio/fs/WindowsException'> (0x00000000e13a7098) thrown at [C:\re\workspace\8-2-build-windows-amd64-cygwin\jdk8u171\10807\hotspot\src\share\vm\prims\jni.cpp, line 709]
Event: 49.379 Thread 0x00000000185a3800 Exception <a 'sun/nio/fs/WindowsException'> (0x00000000e13aad78) thrown at [C:\re\workspace\8-2-build-windows-amd64-cygwin\jdk8u171\10807\hotspot\src\share\vm\prims\jni.cpp, line 709]
Event: 53.627 Thread 0x00000000185a3800 Exception <a 'sun/nio/fs/WindowsException'> (0x00000000e5fa9828) thrown at [C:\re\workspace\8-2-build-windows-amd64-cygwin\jdk8u171\10807\hotspot\src\share\vm\prims\jni.cpp, line 709]
Event: 76.441 Thread 0x00000000185a3800 Exception <a 'java/lang/NoSuchMethodError': java.lang.Object.lambda$andThen$1(Ljava/util/function/Function;Ljava/lang/Object;)Ljava/lang/Object;> (0x00000000e7cb32b8) thrown at [C:\re\workspace\8-2-build-windows-amd64-cygwin\jdk8u171\10807\hotspot\src\sha
Event: 76.997 Thread 0x00000000185a3800 Exception <a 'java/lang/NoSuchMethodError': java.lang.Object.lambda$comparing$ea9a8b3a$1(Ljava/util/Comparator;Ljava/util/function/Function;Ljava/lang/Object;Ljava/lang/Object;)I> (0x00000000e87c5ad8) thrown at [C:\re\workspace\8-2-build-windows-amd64-cyg

Events (10 events):
Event: 77.479 loading class com/google/common/collect/Maps$FilteredMapValues
Event: 77.479 loading class com/google/common/collect/Maps$FilteredMapValues done
Event: 77.479 loading class com/google/common/collect/Maps$Values
Event: 77.479 loading class com/google/common/collect/Maps$Values done
Event: 77.485 loading class com/google/common/collect/FilteredKeySetMultimap$EntrySet
Event: 77.485 loading class com/google/common/collect/FilteredKeySetMultimap$EntrySet done
Event: 77.486 loading class com/google/common/collect/FilteredKeyMultimap$Entries
Event: 77.486 loading class com/google/common/collect/FilteredKeyMultimap$Entries done
Event: 77.486 loading class com/google/common/collect/Collections2
Event: 77.486 loading class com/google/common/collect/Collections2 done


Dynamic libraries:
0x00007ff754150000 - 0x00007ff754187000 	C:\Program Files\Java\jdk1.8.0_171\bin\java.exe
0x00007fff798a0000 - 0x00007fff79a81000 	C:\WINDOWS\SYSTEM32\ntdll.dll
0x00007fff771b0000 - 0x00007fff77262000 	C:\WINDOWS\System32\KERNEL32.DLL
0x00007fff75c70000 - 0x00007fff75ee3000 	C:\WINDOWS\System32\KERNELBASE.dll
0x00007fff77460000 - 0x00007fff77501000 	C:\WINDOWS\System32\ADVAPI32.dll
0x00007fff778e0000 - 0x00007fff7797e000 	C:\WINDOWS\System32\msvcrt.dll
0x00007fff78030000 - 0x00007fff7808b000 	C:\WINDOWS\System32\sechost.dll
0x00007fff77980000 - 0x00007fff77aa4000 	C:\WINDOWS\System32\RPCRT4.dll
0x00007fff76d90000 - 0x00007fff76f20000 	C:\WINDOWS\System32\USER32.dll
0x00007fff76970000 - 0x00007fff76990000 	C:\WINDOWS\System32\win32u.dll
0x00007fff76f30000 - 0x00007fff76f58000 	C:\WINDOWS\System32\GDI32.dll
0x00007fff76600000 - 0x00007fff76792000 	C:\WINDOWS\System32\gdi32full.dll
0x00007fff76c90000 - 0x00007fff76d2f000 	C:\WINDOWS\System32\msvcp_win.dll
0x00007fff76870000 - 0x00007fff7696a000 	C:\WINDOWS\System32\ucrtbase.dll
0x00007fff6bdc0000 - 0x00007fff6c029000 	C:\WINDOWS\WinSxS\amd64_microsoft.windows.common-controls_6595b64144ccf1df_6.0.17134.345_none_fb429a5930656358\COMCTL32.dll
0x00007fff775b0000 - 0x00007fff778d3000 	C:\WINDOWS\System32\combase.dll
0x00007fff767a0000 - 0x00007fff7681a000 	C:\WINDOWS\System32\bcryptPrimitives.dll
0x00007fff78000000 - 0x00007fff7802d000 	C:\WINDOWS\System32\IMM32.DLL
0x000000006ce80000 - 0x000000006cf52000 	C:\Program Files\Java\jdk1.8.0_171\jre\bin\msvcr100.dll
0x000000006c5e0000 - 0x000000006ce80000 	C:\Program Files\Java\jdk1.8.0_171\jre\bin\server\jvm.dll
0x00007fff795c0000 - 0x00007fff795c8000 	C:\WINDOWS\System32\PSAPI.DLL
0x00007fff69210000 - 0x00007fff69219000 	C:\WINDOWS\SYSTEM32\WSOCK32.dll
0x00007fff692a0000 - 0x00007fff692aa000 	C:\WINDOWS\SYSTEM32\VERSION.dll
0x00007fff71950000 - 0x00007fff71973000 	C:\WINDOWS\SYSTEM32\WINMM.dll
0x00007fff796a0000 - 0x00007fff7970c000 	C:\WINDOWS\System32\WS2_32.dll
0x00007fff71920000 - 0x00007fff7194a000 	C:\WINDOWS\SYSTEM32\winmmbase.dll
0x00007fff76820000 - 0x00007fff76869000 	C:\WINDOWS\System32\cfgmgr32.dll
0x000000006c5d0000 - 0x000000006c5df000 	C:\Program Files\Java\jdk1.8.0_171\jre\bin\verify.dll
0x000000006c5a0000 - 0x000000006c5c9000 	C:\Program Files\Java\jdk1.8.0_171\jre\bin\java.dll
0x000000006c580000 - 0x000000006c596000 	C:\Program Files\Java\jdk1.8.0_171\jre\bin\zip.dll
0x00007fff78090000 - 0x00007fff794cf000 	C:\WINDOWS\System32\SHELL32.dll
0x00007fff76f60000 - 0x00007fff77009000 	C:\WINDOWS\System32\shcore.dll
0x00007fff75ef0000 - 0x00007fff765fd000 	C:\WINDOWS\System32\windows.storage.dll
0x00007fff77b50000 - 0x00007fff77ba1000 	C:\WINDOWS\System32\shlwapi.dll
0x00007fff75c50000 - 0x00007fff75c61000 	C:\WINDOWS\System32\kernel.appcore.dll
0x00007fff75c30000 - 0x00007fff75c4f000 	C:\WINDOWS\System32\profapi.dll
0x00007fff75bc0000 - 0x00007fff75c0c000 	C:\WINDOWS\System32\powrprof.dll
0x00007fff75bb0000 - 0x00007fff75bba000 	C:\WINDOWS\System32\FLTLIB.DLL
0x000000006c560000 - 0x000000006c57a000 	C:\Program Files\Java\jdk1.8.0_171\jre\bin\net.dll
0x00007fff75430000 - 0x00007fff75496000 	C:\WINDOWS\system32\mswsock.dll
0x000000006c540000 - 0x000000006c551000 	C:\Program Files\Java\jdk1.8.0_171\jre\bin\nio.dll
0x00007fff6d690000 - 0x00007fff6d6ae000 	C:\Users\breezil\.gradle\native\25\windows-amd64\native-platform.dll
0x000000006c530000 - 0x000000006c53d000 	C:\Program Files\Java\jdk1.8.0_171\jre\bin\management.dll
0x00007fff755e0000 - 0x00007fff755f7000 	C:\WINDOWS\SYSTEM32\CRYPTSP.dll
0x00007fff75010000 - 0x00007fff75043000 	C:\WINDOWS\system32\rsaenh.dll
0x00007fff75710000 - 0x00007fff75735000 	C:\WINDOWS\SYSTEM32\bcrypt.dll
0x00007fff75ae0000 - 0x00007fff75b08000 	C:\WINDOWS\SYSTEM32\USERENV.dll
0x00007fff75600000 - 0x00007fff7560b000 	C:\WINDOWS\SYSTEM32\CRYPTBASE.dll
0x00007fff751b0000 - 0x00007fff751e8000 	C:\WINDOWS\SYSTEM32\IPHLPAPI.DLL
0x00007fff76f20000 - 0x00007fff76f28000 	C:\WINDOWS\System32\NSI.dll
0x00007fff6d4e0000 - 0x00007fff6d4f6000 	C:\WINDOWS\SYSTEM32\dhcpcsvc6.DLL
0x00007fff6d4c0000 - 0x00007fff6d4da000 	C:\WINDOWS\SYSTEM32\dhcpcsvc.DLL
0x00007fff74c80000 - 0x00007fff74cb1000 	C:\WINDOWS\SYSTEM32\ntmarta.dll
0x00007fff68140000 - 0x00007fff68309000 	C:\WINDOWS\SYSTEM32\dbghelp.dll

VM Arguments:
jvm_args: -Xmx1536m -Dfile.encoding=windows-1252 -Duser.country=US -Duser.language=en -Duser.variant 
java_command: org.gradle.launcher.daemon.bootstrap.GradleDaemon 4.6
java_class_path (initial): C:\Users\breezil\.gradle\wrapper\dists\gradle-4.6-all\bcst21l2brirad8k2ben1letg\gradle-4.6\lib\gradle-launcher-4.6.jar
Launcher Type: SUN_STANDARD

Environment Variables:
JAVA_HOME=C:\Program Files\Java\jdk1.8.0_171
PATH=C:\Program Files (x86)\Python36-32\Scripts\;C:\Program Files (x86)\Python36-32\;C:\Program Files (x86)\Common Files\Oracle\Java\javapath;C:\ProgramData\Oracle\Java\javapath;C:\WINDOWS\system32;C:\WINDOWS;C:\WINDOWS\System32\Wbem;C:\WINDOWS\System32\WindowsPowerShell\v1.0\;C:\WINDOWS\system32\config\systemprofile\.dnx\bin;C:\Program Files\Microsoft DNX\Dnvm\;C:\Program Files (x86)\Windows Kits\8.1\Windows Performance Toolkit\;C:\Program Files\Microsoft SQL Server\120\Tools\Binn\;C:\Program Files (x86)\OpenVPN\bin;C:\Program Files\Git\cmd;C:\Program Files\PuTTY\;C:\ProgramData\chocolatey\bin;C:\wildfly-11.0.0.Final\wildfly-11.0.0.Final\bin;C:\Program Files\Java\jdk1.8.0_161\bin;C:\Program Files\Java\jdk1.7.0_76\bin;C:\Program Files\Microsoft VS Code\bin;C:\tools\go\bin;C:\Program Files\Geth;C:\WINDOWS\System32\OpenSSH\;C:\Program Files (x86)\nodejs\;C:\Program Files (x86)\Common Files\Oracle\Java\javapath;C:\ProgramData\Oracle\Java\javapath;C:\WINDOWS\system32;C:\WINDOWS;C:\WINDOWS\System32\Wbem;C:\WINDOWS\System32\WindowsPowerShell\v1.0\;C:\Users\breezil\.dnx\bin;C:\Program Files\Microsoft DNX\Dnvm\;C:\Program Files (x86)\Windows Kits\8.1\Windows Performance Toolkit\;C:\Program Files\Microsoft SQL Server\120\Tools\Binn\;C:\Program Files (x86)\nodejs\;C:\Program Files (x86)\OpenVPN\bin;C:\Program Files\Git\cmd;C:\Program Files\PuTTY\;C:\ProgramData\chocolatey\bin;C:\wildfly-11.0.0.Final\wildfly-11.0.0.Final\bin;C:\Program Files\Java\jdk1.8.0_161\bin;C:\Program Files\Java\jdk1.7.0_76\bin;C:\Program Files\Microsoft VS Code\bin;C:\Program Files\Geth;C:\tools\go\bin;C:\Users\breezil\bin;C:\Program Files (x86)\Python36-32;C:\Program Files (x86)\Python36-32\Scripts;c:\program files (x86)\python36-32\Lib\site-packages;C:\Program Files\Heroku\bin;C:\Users\breezil\AppData\Local;C:\Users\breezil\AppData\Local\Programs\Microsoft;C:\Users\breezil\AppData\Roaming\npm;C:\Users\breezil\AppData\Local\Programs\Microsoft VS Code\bin;
USERNAME=breezil
OS=Windows_NT
PROCESSOR_IDENTIFIER=Intel64 Family 6 Model 69 Stepping 1, GenuineIntel



---------------  S Y S T E M  ---------------

OS: Windows 10.0 , 64 bit Build 17134 (10.0.17134.1)

CPU:total 4 (initial active 4) (2 cores per cpu, 2 threads per core) family 6 model 69 stepping 1, cmov, cx8, fxsr, mmx, sse, sse2, sse3, ssse3, sse4.1, sse4.2, popcnt, avx, avx2, aes, clmul, erms, lzcnt, ht, tsc, tscinvbit, bmi1, bmi2

Memory: 4k page, physical 8291876k(815376k free), swap 17729060k(3922148k free)

vm_info: Java HotSpot(TM) 64-Bit Server VM (25.171-b11) for windows-amd64 JRE (1.8.0_171-b11), built on Mar 28 2018 16:06:12 by "java_re" with MS VC++ 10.0 (VS2010)

time: Thu Oct 18 17:53:18 2018
elapsed time: 78 seconds (0d 0h 1m 18s)

